{"level":"info","time":"2024-01-30T23:19:50+01:00","caller":"/Users/me/projects/_shoppinglist/shoppinglist/src/item-service/main.go:57","message":"Starting item-service(AlexandacStudio)@0.0: Tue, 30 Jan 2024 23:19:50 +0100\n\n"}
{"level":"info","address":"localhost:4317","time":"2024-01-30T23:19:50+01:00","caller":"/Users/me/projects/_shoppinglist/shoppinglist/src/item-service/otel/otel.go:80","message":"connecting to trace collector"}
{"level":"error","error":"context deadline exceeded","time":"2024-01-30T23:20:00+01:00","caller":"/Users/me/projects/_shoppinglist/shoppinglist/src/item-service/otel/otel.go:87","message":"failed to create gRPC connection to collector"}
{"level":"info","time":"2024-01-30T23:20:00+01:00","caller":"/Users/me/projects/_shoppinglist/shoppinglist/src/item-service/otel/otel.go:104","message":"falling back to stdout trace"}
{"level":"info","address":"localhost:4317","time":"2024-01-30T23:20:00+01:00","caller":"/Users/me/projects/_shoppinglist/shoppinglist/src/item-service/otel/otel.go:125","message":"connecting to metric collector"}
{"level":"info","time":"2024-01-30T23:20:00+01:00","caller":"/Users/me/projects/_shoppinglist/shoppinglist/src/item-service/main.go:74","message":"Listening at 0.0.0.0:81"}
{"level":"info","time":"2024-01-30T23:22:47+01:00","caller":"/Users/me/projects/_shoppinglist/shoppinglist/src/item-service/main.go:159","message":"shutting down server..."}
{"level":"info","time":"2024-01-30T23:29:44+01:00","caller":"/Users/me/projects/_shoppinglist/shoppinglist/src/item-service/main.go:57","message":"Starting item-service(AlexandacStudio)@0.0: Tue, 30 Jan 2024 23:29:44 +0100\n\n"}
{"level":"info","address":"localhost:4317","time":"2024-01-30T23:29:44+01:00","caller":"/Users/me/projects/_shoppinglist/shoppinglist/src/item-service/otel/otel.go:80","message":"connecting to trace collector"}
{"level":"info","address":"localhost:4317","time":"2024-01-30T23:29:44+01:00","caller":"/Users/me/projects/_shoppinglist/shoppinglist/src/item-service/otel/otel.go:125","message":"connecting to metric collector"}
{"level":"info","time":"2024-01-30T23:29:44+01:00","caller":"/Users/me/projects/_shoppinglist/shoppinglist/src/item-service/main.go:74","message":"Listening at 0.0.0.0:81"}
{"level":"info","time":"2024-01-30T23:30:37+01:00","caller":"/Users/me/projects/_shoppinglist/shoppinglist/src/item-service/main.go:159","message":"shutting down server..."}
{"level":"info","time":"2024-01-30T23:30:46+01:00","caller":"/Users/me/projects/_shoppinglist/shoppinglist/src/item-service/main.go:57","message":"Starting item-service(AlexandacStudio)@0.0: Tue, 30 Jan 2024 23:30:46 +0100\n\n"}
{"level":"info","address":"localhost:4317","time":"2024-01-30T23:30:46+01:00","caller":"/Users/me/projects/_shoppinglist/shoppinglist/src/item-service/otel/otel.go:80","message":"connecting to trace collector"}
{"level":"info","address":"localhost:4317","time":"2024-01-30T23:30:46+01:00","caller":"/Users/me/projects/_shoppinglist/shoppinglist/src/item-service/otel/otel.go:125","message":"connecting to metric collector"}
{"level":"info","time":"2024-01-30T23:30:46+01:00","caller":"/Users/me/projects/_shoppinglist/shoppinglist/src/item-service/main.go:74","message":"Listening at 0.0.0.0:81"}
{"level":"info","time":"2024-01-30T23:39:45+01:00","caller":"/Users/me/projects/_shoppinglist/shoppinglist/src/item-service/main.go:159","message":"shutting down server..."}
{"level":"info","time":"2024-01-30T23:39:50+01:00","caller":"/Users/me/projects/_shoppinglist/shoppinglist/src/item-service/main.go:169","message":"timeout of 5 seconds."}
{"level":"info","time":"2024-01-30T23:39:50+01:00","caller":"/Users/me/projects/_shoppinglist/shoppinglist/src/item-service/main.go:171","message":"server is stopped"}
{"level":"fatal","time":"2024-01-30T23:39:50+01:00","caller":"/Users/me/projects/_shoppinglist/shoppinglist/src/item-service/main.go:69","message":"otelShutdown"}
