{"level":"info","time":"2024-01-30T22:56:16+01:00","caller":"/Users/me/projects/_shoppinglist/shoppinglist/src/item-service/main.go:57","message":"Starting item-service(AlexandacStudio)@0.0: Tue, 30 Jan 2024 22:56:16 +0100\n\n"}
{"level":"info","address":"localhost:4317","time":"2024-01-30T22:56:16+01:00","caller":"/Users/me/projects/_shoppinglist/shoppinglist/src/item-service/otel/otel.go:77","message":"connecting to trace collector"}
{"level":"fatal","error":"failed to create gRPC connection to collector: context deadline exceeded","time":"2024-01-30T22:56:26+01:00","caller":"/Users/me/projects/_shoppinglist/shoppinglist/src/item-service/main.go:62","message":"SetupOTelSDK"}
{"level":"info","time":"2024-01-30T22:57:58+01:00","caller":"/Users/me/projects/_shoppinglist/shoppinglist/src/item-service/main.go:57","message":"Starting item-service(AlexandacStudio)@0.0: Tue, 30 Jan 2024 22:57:58 +0100\n\n"}
{"level":"info","address":"localhost:4317","time":"2024-01-30T22:57:58+01:00","caller":"/Users/me/projects/_shoppinglist/shoppinglist/src/item-service/otel/otel.go:76","message":"connecting to trace collector"}
{"level":"error","error":"context deadline exceeded","time":"2024-01-30T22:58:08+01:00","caller":"/Users/me/projects/_shoppinglist/shoppinglist/src/item-service/otel/otel.go:83","message":"failed to create gRPC connection to collector"}
{"level":"info","address":"localhost:4317","time":"2024-01-30T22:58:08+01:00","caller":"/Users/me/projects/_shoppinglist/shoppinglist/src/item-service/otel/otel.go:108","message":"connecting to metric collector"}
{"level":"info","time":"2024-01-30T22:58:08+01:00","caller":"/Users/me/projects/_shoppinglist/shoppinglist/src/item-service/main.go:74","message":"Listening at 0.0.0.0:81"}
{"level":"info","time":"2024-01-30T22:58:37+01:00","caller":"/Users/me/projects/_shoppinglist/shoppinglist/src/item-service/main.go:159","message":"shutting down server..."}
{"level":"info","time":"2024-01-30T23:02:46+01:00","caller":"/Users/me/projects/_shoppinglist/shoppinglist/src/item-service/main.go:57","message":"Starting item-service(AlexandacStudio)@0.0: Tue, 30 Jan 2024 23:02:46 +0100\n\n"}
{"level":"info","address":"localhost:4317","time":"2024-01-30T23:02:46+01:00","caller":"/Users/me/projects/_shoppinglist/shoppinglist/src/item-service/otel/otel.go:77","message":"connecting to trace collector"}
{"level":"info","time":"2024-01-30T23:02:56+01:00","caller":"/Users/me/projects/_shoppinglist/shoppinglist/src/item-service/main.go:57","message":"Starting item-service(AlexandacStudio)@0.0: Tue, 30 Jan 2024 23:02:56 +0100\n\n"}
{"level":"info","address":"localhost:4317","time":"2024-01-30T23:02:56+01:00","caller":"/Users/me/projects/_shoppinglist/shoppinglist/src/item-service/otel/otel.go:77","message":"connecting to trace collector"}
{"level":"error","error":"context deadline exceeded","time":"2024-01-30T23:03:06+01:00","caller":"/Users/me/projects/_shoppinglist/shoppinglist/src/item-service/otel/otel.go:84","message":"failed to create gRPC connection to collector"}
{"level":"info","time":"2024-01-30T23:03:06+01:00","caller":"/Users/me/projects/_shoppinglist/shoppinglist/src/item-service/otel/otel.go:98","message":"falling back to stdout trace"}
{"level":"info","address":"localhost:4317","time":"2024-01-30T23:03:06+01:00","caller":"/Users/me/projects/_shoppinglist/shoppinglist/src/item-service/otel/otel.go:117","message":"connecting to metric collector"}
{"level":"info","time":"2024-01-30T23:03:06+01:00","caller":"/Users/me/projects/_shoppinglist/shoppinglist/src/item-service/main.go:74","message":"Listening at 0.0.0.0:81"}
{"level":"info","time":"2024-01-30T23:04:28+01:00","caller":"/Users/me/projects/_shoppinglist/shoppinglist/src/item-service/main.go:159","message":"shutting down server..."}
{"level":"info","time":"2024-01-30T23:04:33+01:00","caller":"/Users/me/projects/_shoppinglist/shoppinglist/src/item-service/main.go:169","message":"timeout of 5 seconds."}
{"level":"info","time":"2024-01-30T23:04:33+01:00","caller":"/Users/me/projects/_shoppinglist/shoppinglist/src/item-service/main.go:171","message":"server is stopped"}
{"level":"fatal","error":"failed to upload metrics: context deadline exceeded: rpc error: code = Unavailable desc = connection error: desc = \"transport: Error while dialing: dial tcp [::1]:4317: connect: connection refused\"","time":"2024-01-30T23:04:43+01:00","caller":"/Users/me/projects/_shoppinglist/shoppinglist/src/item-service/main.go:69","message":"otelShutdown"}
{"level":"info","time":"2024-01-30T23:04:45+01:00","caller":"/Users/me/projects/_shoppinglist/shoppinglist/src/item-service/main.go:57","message":"Starting item-service(AlexandacStudio)@0.0: Tue, 30 Jan 2024 23:04:45 +0100\n\n"}
{"level":"info","address":"localhost:4317","time":"2024-01-30T23:04:45+01:00","caller":"/Users/me/projects/_shoppinglist/shoppinglist/src/item-service/otel/otel.go:80","message":"connecting to trace collector"}
{"level":"error","error":"context deadline exceeded","time":"2024-01-30T23:04:55+01:00","caller":"/Users/me/projects/_shoppinglist/shoppinglist/src/item-service/otel/otel.go:87","message":"failed to create gRPC connection to collector"}
{"level":"info","time":"2024-01-30T23:04:55+01:00","caller":"/Users/me/projects/_shoppinglist/shoppinglist/src/item-service/otel/otel.go:102","message":"falling back to stdout trace"}
{"level":"info","address":"localhost:4317","time":"2024-01-30T23:04:55+01:00","caller":"/Users/me/projects/_shoppinglist/shoppinglist/src/item-service/otel/otel.go:121","message":"connecting to metric collector"}
{"level":"info","time":"2024-01-30T23:04:55+01:00","caller":"/Users/me/projects/_shoppinglist/shoppinglist/src/item-service/main.go:74","message":"Listening at 0.0.0.0:81"}
{"level":"info","time":"2024-01-30T23:06:23+01:00","caller":"/Users/me/projects/_shoppinglist/shoppinglist/src/item-service/main.go:159","message":"shutting down server..."}
{"level":"info","time":"2024-01-30T23:06:28+01:00","caller":"/Users/me/projects/_shoppinglist/shoppinglist/src/item-service/main.go:169","message":"timeout of 5 seconds."}
{"level":"info","time":"2024-01-30T23:06:28+01:00","caller":"/Users/me/projects/_shoppinglist/shoppinglist/src/item-service/main.go:171","message":"server is stopped"}
{"level":"info","time":"2024-01-30T23:06:39+01:00","caller":"/Users/me/projects/_shoppinglist/shoppinglist/src/item-service/main.go:57","message":"Starting item-service(AlexandacStudio)@0.0: Tue, 30 Jan 2024 23:06:39 +0100\n\n"}
{"level":"info","address":"localhost:4317","time":"2024-01-30T23:06:50+01:00","caller":"/Users/me/projects/_shoppinglist/shoppinglist/src/item-service/otel/otel.go:80","message":"connecting to trace collector"}
{"level":"info","time":"2024-01-30T23:06:53+01:00","caller":"/Users/me/projects/_shoppinglist/shoppinglist/src/item-service/main.go:57","message":"Starting item-service(AlexandacStudio)@0.0: Tue, 30 Jan 2024 23:06:53 +0100\n\n"}
{"level":"info","address":"localhost:4317","time":"2024-01-30T23:07:55+01:00","caller":"/Users/me/projects/_shoppinglist/shoppinglist/src/item-service/otel/otel.go:80","message":"connecting to trace collector"}
{"level":"info","time":"2024-01-30T23:07:57+01:00","caller":"/Users/me/projects/_shoppinglist/shoppinglist/src/item-service/main.go:57","message":"Starting item-service(AlexandacStudio)@0.0: Tue, 30 Jan 2024 23:07:57 +0100\n\n"}
{"level":"info","time":"2024-01-30T23:08:13+01:00","caller":"/Users/me/projects/_shoppinglist/shoppinglist/src/item-service/otel/otel.go:104","message":"falling back to stdout trace"}
{"level":"info","time":"2024-01-30T23:08:13+01:00","caller":"/Users/me/projects/_shoppinglist/shoppinglist/src/item-service/otel/otel.go:138","message":"falling back to stdout metric"}
{"level":"info","time":"2024-01-30T23:08:13+01:00","caller":"/Users/me/projects/_shoppinglist/shoppinglist/src/item-service/main.go:74","message":"Listening at 0.0.0.0:81"}
{"level":"info","time":"2024-01-30T23:08:21+01:00","caller":"/Users/me/projects/_shoppinglist/shoppinglist/src/item-service/main.go:159","message":"shutting down server..."}
{"level":"info","time":"2024-01-30T23:08:26+01:00","caller":"/Users/me/projects/_shoppinglist/shoppinglist/src/item-service/main.go:169","message":"timeout of 5 seconds."}
{"level":"info","time":"2024-01-30T23:08:26+01:00","caller":"/Users/me/projects/_shoppinglist/shoppinglist/src/item-service/main.go:171","message":"server is stopped"}
{"level":"fatal","time":"2024-01-30T23:08:26+01:00","caller":"/Users/me/projects/_shoppinglist/shoppinglist/src/item-service/main.go:69","message":"otelShutdown"}
